<?xml version="1.0" encoding="UTF-8"?>
<testng-results ignored="0" total="1" passed="1" failed="0" skipped="0">
  <reporter-output>
  </reporter-output>
  <suite started-at="2022-02-11T13:56:31 GMT" name="Default suite" finished-at="2022-02-11T13:56:40 GMT" duration-ms="8691">
    <groups>
    </groups>
    <test started-at="2022-02-11T13:56:31 GMT" name="Default test" finished-at="2022-02-11T13:56:40 GMT" duration-ms="8691">
      <class name="Testcases.UpdateProfile">
        <test-method signature="update()[pri:0, instance:Testcases.UpdateProfile@27ce24aa]" started-at="2022-02-11T13:56:31 GMT" name="update" finished-at="2022-02-11T13:56:40 GMT" duration-ms="8599" status="PASS">
          <reporter-output>
          </reporter-output>
        </test-method> <!-- update -->
      </class> <!-- Testcases.UpdateProfile -->
    </test> <!-- Default test -->
  </suite> <!-- Default suite -->
</testng-results>
